<?xml version="1.0" encoding="UTF-8"?>
<!-- Generated by org.testng.reporters.JUnitXMLReporter -->
<testsuite ignored="2" hostname="DESKTOP-02CR4GB" failures="0" tests="2" name="Test" time="0.06" errors="0" timestamp="2023-03-23T16:01:24 IST">
  <testcase classname="Fruits.Groups" name="carA" time="0.01"/>
  <testcase classname="Fruits.Groups" name="carB" time="0.001"/>
  <testcase classname="Fruits.Groups" name="carC" time="0.0">
    <ignored/>
  </testcase> <!-- carC -->
  <testcase classname="Fruits.Groups" name="carD" time="0.0">
    <ignored/>
  </testcase> <!-- carD -->
</testsuite> <!-- Test -->
