<?xml version="1.0" encoding="UTF-8"?>
<testng-results ignored="0" total="1" passed="1" failed="0" skipped="0">
  <reporter-output>
  </reporter-output>
  <suite started-at="2023-04-14T18:58:16 IST" name="Default suite" finished-at="2023-04-14T18:58:36 IST" duration-ms="19018">
    <groups>
    </groups>
    <test started-at="2023-04-14T18:58:16 IST" name="Default test" finished-at="2023-04-14T18:58:36 IST" duration-ms="19018">
      <class name="Fruits.SauceDemo">
        <test-method is-config="true" signature="bt()[pri:0, instance:Fruits.SauceDemo@3a44431a]" started-at="2023-04-14T18:58:17 IST" name="bt" finished-at="2023-04-14T18:58:23 IST" duration-ms="6492" status="PASS">
          <reporter-output>
          </reporter-output>
        </test-method> <!-- bt -->
        <test-method signature="login()[pri:0, instance:Fruits.SauceDemo@3a44431a]" started-at="2023-04-14T18:58:23 IST" name="login" finished-at="2023-04-14T18:58:35 IST" duration-ms="12479" status="PASS">
          <reporter-output>
          </reporter-output>
        </test-method> <!-- login -->
      </class> <!-- Fruits.SauceDemo -->
    </test> <!-- Default test -->
  </suite> <!-- Default suite -->
</testng-results>
